

Started GET "/assets/rails.png" for 127.0.0.1 at 2012-07-12 00:23:10 -0400
Connecting to database specified by database.yml
Served asset /rails.png - 200 OK (5ms)


Started GET "/assets/rails.png" for 127.0.0.1 at 2012-07-12 00:32:51 -0400
Served asset /rails.png - 304 Not Modified (0ms)


Started GET "/" for 127.0.0.1 at 2012-07-12 00:33:34 -0400
Processing by HomeController#index as HTML
  Rendered home/index.html.erb within layouts/application (2.2ms)
Compiled home.css  (60ms)  (pid 21680)
Compiled application.css  (68ms)  (pid 21680)
Compiled jquery.js  (3ms)  (pid 21680)
Compiled jquery_ujs.js  (0ms)  (pid 21680)
Compiled home.js  (464ms)  (pid 21680)
Compiled application.js  (744ms)  (pid 21680)
Completed 200 OK in 1132ms (Views: 1131.1ms | ActiveRecord: 0.0ms)


Started GET "/assets/application.css?body=1" for 127.0.0.1 at 2012-07-12 00:33:35 -0400
Served asset /application.css - 200 OK (4ms)


Started GET "/assets/home.css?body=1" for 127.0.0.1 at 2012-07-12 00:33:35 -0400
Served asset /home.css - 200 OK (1ms)


Started GET "/assets/jquery.js?body=1" for 127.0.0.1 at 2012-07-12 00:33:35 -0400
Served asset /jquery.js - 304 Not Modified (3ms)


Started GET "/assets/home.js?body=1" for 127.0.0.1 at 2012-07-12 00:33:35 -0400
Served asset /home.js - 200 OK (1ms)


Started GET "/assets/jquery_ujs.js?body=1" for 127.0.0.1 at 2012-07-12 00:33:35 -0400
Served asset /jquery_ujs.js - 304 Not Modified (1ms)


Started GET "/assets/application.js?body=1" for 127.0.0.1 at 2012-07-12 00:33:35 -0400
Served asset /application.js - 200 OK (3ms)


Started GET "/" for 127.0.0.1 at 2012-07-12 01:40:26 -0400
Processing by HomeController#index as HTML
  Rendered home/index.html.erb within layouts/application (1.0ms)
Completed 200 OK in 70ms (Views: 60.4ms | ActiveRecord: 0.0ms)


Started GET "/assets/application.css?body=1" for 127.0.0.1 at 2012-07-12 01:40:27 -0400
Served asset /application.css - 304 Not Modified (0ms)


Started GET "/assets/home.css?body=1" for 127.0.0.1 at 2012-07-12 01:40:27 -0400
Served asset /home.css - 304 Not Modified (1ms)


Started GET "/assets/jquery.js?body=1" for 127.0.0.1 at 2012-07-12 01:40:27 -0400
Served asset /jquery.js - 304 Not Modified (0ms)


Started GET "/assets/jquery_ujs.js?body=1" for 127.0.0.1 at 2012-07-12 01:40:27 -0400
Served asset /jquery_ujs.js - 304 Not Modified (0ms)


Started GET "/assets/home.js?body=1" for 127.0.0.1 at 2012-07-12 01:40:27 -0400
Served asset /home.js - 304 Not Modified (0ms)


Started GET "/assets/application.js?body=1" for 127.0.0.1 at 2012-07-12 01:40:27 -0400
Served asset /application.js - 304 Not Modified (0ms)
Connecting to database specified by database.yml
  [1m[36m (217.4ms)[0m  [1mCREATE TABLE `schema_migrations` (`version` varchar(255) NOT NULL) ENGINE=InnoDB[0m
  [1m[35m (190.5ms)[0m  CREATE UNIQUE INDEX `unique_schema_migrations` ON `schema_migrations` (`version`)
  [1m[36m (5.3ms)[0m  [1mSELECT `schema_migrations`.`version` FROM `schema_migrations` [0m
  [1m[35m (1.0ms)[0m  DROP DATABASE IF EXISTS `PhotoShoot_test`
  [1m[36m (0.3ms)[0m  [1mCREATE DATABASE `PhotoShoot_test` DEFAULT CHARACTER SET `utf8` COLLATE `utf8_unicode_ci`[0m
Connecting to database specified by database.yml
  [1m[36m (0.2ms)[0m  [1mSELECT `schema_migrations`.`version` FROM `schema_migrations` [0m
Connecting to database specified by database.yml
  [1m[36m (0.3ms)[0m  [1mSELECT `schema_migrations`.`version` FROM `schema_migrations` [0m
  [1m[35m (0.3ms)[0m  DROP DATABASE IF EXISTS `PhotoShoot_test`
  [1m[36m (0.2ms)[0m  [1mCREATE DATABASE `PhotoShoot_test` DEFAULT CHARACTER SET `utf8` COLLATE `utf8_unicode_ci`[0m
  [1m[35m (57.2ms)[0m  CREATE TABLE `schema_migrations` (`version` varchar(255) NOT NULL) ENGINE=InnoDB
  [1m[36m (177.7ms)[0m  [1mCREATE UNIQUE INDEX `unique_schema_migrations` ON `schema_migrations` (`version`)[0m
  [1m[35m (0.2ms)[0m  SELECT version FROM `schema_migrations`
  [1m[36m (51.4ms)[0m  [1mINSERT INTO `schema_migrations` (version) VALUES ('0')[0m


Started GET "/" for 127.0.0.1 at 2012-07-12 01:43:47 -0400
Processing by HomeController#index as HTML
  Rendered home/index.html.erb within layouts/application (0.0ms)
Completed 200 OK in 18ms (Views: 17.9ms | ActiveRecord: 0.0ms)


Started GET "/assets/application.css?body=1" for 127.0.0.1 at 2012-07-12 01:43:47 -0400
Served asset /application.css - 304 Not Modified (9ms)


Started GET "/assets/home.css?body=1" for 127.0.0.1 at 2012-07-12 01:43:47 -0400
Served asset /home.css - 304 Not Modified (2ms)


Started GET "/assets/jquery_ujs.js?body=1" for 127.0.0.1 at 2012-07-12 01:43:47 -0400
Served asset /jquery_ujs.js - 304 Not Modified (0ms)


Started GET "/assets/jquery.js?body=1" for 127.0.0.1 at 2012-07-12 01:43:47 -0400
Served asset /jquery.js - 304 Not Modified (0ms)


Started GET "/assets/home.js?body=1" for 127.0.0.1 at 2012-07-12 01:43:47 -0400
Served asset /home.js - 304 Not Modified (0ms)


Started GET "/assets/application.js?body=1" for 127.0.0.1 at 2012-07-12 01:43:47 -0400
Served asset /application.js - 304 Not Modified (0ms)
Connecting to database specified by database.yml
Connecting to database specified by database.yml
Connecting to database specified by database.yml
  [1m[36m (0.2ms)[0m  [1mSELECT `schema_migrations`.`version` FROM `schema_migrations` [0m
Connecting to database specified by database.yml
Connecting to database specified by database.yml
  [1m[36m (0.2ms)[0m  [1mSELECT `schema_migrations`.`version` FROM `schema_migrations` [0m
Migrating to DeviseCreateUsers (20120712054801)
  [1m[35m (80.6ms)[0m  CREATE TABLE `users` (`id` int(11) DEFAULT NULL auto_increment PRIMARY KEY, `email` varchar(255) DEFAULT '' NOT NULL, `encrypted_password` varchar(255) DEFAULT '' NOT NULL, `reset_password_token` varchar(255), `reset_password_sent_at` datetime, `remember_created_at` datetime, `sign_in_count` int(11) DEFAULT 0, `current_sign_in_at` datetime, `last_sign_in_at` datetime, `current_sign_in_ip` varchar(255), `last_sign_in_ip` varchar(255), `created_at` datetime NOT NULL, `updated_at` datetime NOT NULL) ENGINE=InnoDB
  [1m[36m (176.3ms)[0m  [1mCREATE UNIQUE INDEX `index_users_on_email` ON `users` (`email`)[0m
  [1m[35m (95.2ms)[0m  CREATE UNIQUE INDEX `index_users_on_reset_password_token` ON `users` (`reset_password_token`)
  [1m[36m (20.0ms)[0m  [1mINSERT INTO `schema_migrations` (`version`) VALUES ('20120712054801')[0m
  [1m[35m (0.2ms)[0m  SELECT `schema_migrations`.`version` FROM `schema_migrations` 


Started GET "/" for 127.0.0.1 at 2012-07-12 01:48:45 -0400

NoMethodError (undefined method `devise_for' for #<ActionDispatch::Routing::Mapper:0x00000103538d20>):
  config/routes.rb:2:in `block in <top (required)>'
  config/routes.rb:1:in `<top (required)>'


  Rendered /Users/Thoughtworks/.rvm/gems/ruby-1.9.3-p194/gems/actionpack-3.2.6/lib/action_dispatch/middleware/templates/rescues/_trace.erb (13.6ms)
  Rendered /Users/Thoughtworks/.rvm/gems/ruby-1.9.3-p194/gems/actionpack-3.2.6/lib/action_dispatch/middleware/templates/rescues/_request_and_response.erb (12.7ms)
  Rendered /Users/Thoughtworks/.rvm/gems/ruby-1.9.3-p194/gems/actionpack-3.2.6/lib/action_dispatch/middleware/templates/rescues/diagnostics.erb within rescues/layout (43.6ms)
Connecting to database specified by database.yml


Started GET "/" for 127.0.0.1 at 2012-07-12 01:56:20 -0400

NoMethodError (undefined method `devise_for' for #<ActionDispatch::Routing::Mapper:0x000001031a2bc0>):
  config/routes.rb:3:in `block in <top (required)>'
  config/routes.rb:1:in `<top (required)>'


  Rendered /Users/Thoughtworks/.rvm/gems/ruby-1.9.3-p194/gems/actionpack-3.2.6/lib/action_dispatch/middleware/templates/rescues/_trace.erb (21.3ms)
  Rendered /Users/Thoughtworks/.rvm/gems/ruby-1.9.3-p194/gems/actionpack-3.2.6/lib/action_dispatch/middleware/templates/rescues/_request_and_response.erb (1.3ms)
  Rendered /Users/Thoughtworks/.rvm/gems/ruby-1.9.3-p194/gems/actionpack-3.2.6/lib/action_dispatch/middleware/templates/rescues/diagnostics.erb within rescues/layout (28.7ms)


Started GET "/" for 127.0.0.1 at 2012-07-12 01:56:23 -0400

ActionController::RoutingError (No route matches [GET] "/"):
  actionpack (3.2.6) lib/action_dispatch/middleware/debug_exceptions.rb:21:in `call'
  actionpack (3.2.6) lib/action_dispatch/middleware/show_exceptions.rb:56:in `call'
  railties (3.2.6) lib/rails/rack/logger.rb:26:in `call_app'
  railties (3.2.6) lib/rails/rack/logger.rb:16:in `call'
  actionpack (3.2.6) lib/action_dispatch/middleware/request_id.rb:22:in `call'
  rack (1.4.1) lib/rack/methodoverride.rb:21:in `call'
  rack (1.4.1) lib/rack/runtime.rb:17:in `call'
  activesupport (3.2.6) lib/active_support/cache/strategy/local_cache.rb:72:in `call'
  rack (1.4.1) lib/rack/lock.rb:15:in `call'
  actionpack (3.2.6) lib/action_dispatch/middleware/static.rb:62:in `call'
  railties (3.2.6) lib/rails/engine.rb:479:in `call'
  railties (3.2.6) lib/rails/application.rb:220:in `call'
  rack (1.4.1) lib/rack/content_length.rb:14:in `call'
  railties (3.2.6) lib/rails/rack/log_tailer.rb:17:in `call'
  rack (1.4.1) lib/rack/handler/webrick.rb:59:in `service'
  /usr/local/Cellar/ruby/1.9.3-p0/lib/ruby/1.9.1/webrick/httpserver.rb:138:in `service'
  /usr/local/Cellar/ruby/1.9.3-p0/lib/ruby/1.9.1/webrick/httpserver.rb:94:in `run'
  /usr/local/Cellar/ruby/1.9.3-p0/lib/ruby/1.9.1/webrick/server.rb:191:in `block in start_thread'


  Rendered /Users/Thoughtworks/.rvm/gems/ruby-1.9.3-p194/gems/actionpack-3.2.6/lib/action_dispatch/middleware/templates/rescues/routing_error.erb within rescues/layout (1.1ms)


Started GET "/" for 127.0.0.1 at 2012-07-12 01:56:26 -0400

ActionController::RoutingError (No route matches [GET] "/"):
  actionpack (3.2.6) lib/action_dispatch/middleware/debug_exceptions.rb:21:in `call'
  actionpack (3.2.6) lib/action_dispatch/middleware/show_exceptions.rb:56:in `call'
  railties (3.2.6) lib/rails/rack/logger.rb:26:in `call_app'
  railties (3.2.6) lib/rails/rack/logger.rb:16:in `call'
  actionpack (3.2.6) lib/action_dispatch/middleware/request_id.rb:22:in `call'
  rack (1.4.1) lib/rack/methodoverride.rb:21:in `call'
  rack (1.4.1) lib/rack/runtime.rb:17:in `call'
  activesupport (3.2.6) lib/active_support/cache/strategy/local_cache.rb:72:in `call'
  rack (1.4.1) lib/rack/lock.rb:15:in `call'
  actionpack (3.2.6) lib/action_dispatch/middleware/static.rb:62:in `call'
  railties (3.2.6) lib/rails/engine.rb:479:in `call'
  railties (3.2.6) lib/rails/application.rb:220:in `call'
  rack (1.4.1) lib/rack/content_length.rb:14:in `call'
  railties (3.2.6) lib/rails/rack/log_tailer.rb:17:in `call'
  rack (1.4.1) lib/rack/handler/webrick.rb:59:in `service'
  /usr/local/Cellar/ruby/1.9.3-p0/lib/ruby/1.9.1/webrick/httpserver.rb:138:in `service'
  /usr/local/Cellar/ruby/1.9.3-p0/lib/ruby/1.9.1/webrick/httpserver.rb:94:in `run'
  /usr/local/Cellar/ruby/1.9.3-p0/lib/ruby/1.9.1/webrick/server.rb:191:in `block in start_thread'


  Rendered /Users/Thoughtworks/.rvm/gems/ruby-1.9.3-p194/gems/actionpack-3.2.6/lib/action_dispatch/middleware/templates/rescues/routing_error.erb within rescues/layout (1.0ms)


Started GET "/" for 127.0.0.1 at 2012-07-12 01:56:27 -0400

ActionController::RoutingError (No route matches [GET] "/"):
  actionpack (3.2.6) lib/action_dispatch/middleware/debug_exceptions.rb:21:in `call'
  actionpack (3.2.6) lib/action_dispatch/middleware/show_exceptions.rb:56:in `call'
  railties (3.2.6) lib/rails/rack/logger.rb:26:in `call_app'
  railties (3.2.6) lib/rails/rack/logger.rb:16:in `call'
  actionpack (3.2.6) lib/action_dispatch/middleware/request_id.rb:22:in `call'
  rack (1.4.1) lib/rack/methodoverride.rb:21:in `call'
  rack (1.4.1) lib/rack/runtime.rb:17:in `call'
  activesupport (3.2.6) lib/active_support/cache/strategy/local_cache.rb:72:in `call'
  rack (1.4.1) lib/rack/lock.rb:15:in `call'
  actionpack (3.2.6) lib/action_dispatch/middleware/static.rb:62:in `call'
  railties (3.2.6) lib/rails/engine.rb:479:in `call'
  railties (3.2.6) lib/rails/application.rb:220:in `call'
  rack (1.4.1) lib/rack/content_length.rb:14:in `call'
  railties (3.2.6) lib/rails/rack/log_tailer.rb:17:in `call'
  rack (1.4.1) lib/rack/handler/webrick.rb:59:in `service'
  /usr/local/Cellar/ruby/1.9.3-p0/lib/ruby/1.9.1/webrick/httpserver.rb:138:in `service'
  /usr/local/Cellar/ruby/1.9.3-p0/lib/ruby/1.9.1/webrick/httpserver.rb:94:in `run'
  /usr/local/Cellar/ruby/1.9.3-p0/lib/ruby/1.9.1/webrick/server.rb:191:in `block in start_thread'


  Rendered /Users/Thoughtworks/.rvm/gems/ruby-1.9.3-p194/gems/actionpack-3.2.6/lib/action_dispatch/middleware/templates/rescues/routing_error.erb within rescues/layout (0.7ms)


Started GET "/" for 127.0.0.1 at 2012-07-12 01:56:47 -0400

NoMethodError (undefined method `devise_for' for #<ActionDispatch::Routing::Mapper:0x000001036c5f80>):
  config/routes.rb:2:in `block in <top (required)>'
  config/routes.rb:1:in `<top (required)>'


  Rendered /Users/Thoughtworks/.rvm/gems/ruby-1.9.3-p194/gems/actionpack-3.2.6/lib/action_dispatch/middleware/templates/rescues/_trace.erb (2.8ms)
  Rendered /Users/Thoughtworks/.rvm/gems/ruby-1.9.3-p194/gems/actionpack-3.2.6/lib/action_dispatch/middleware/templates/rescues/_request_and_response.erb (1.4ms)
  Rendered /Users/Thoughtworks/.rvm/gems/ruby-1.9.3-p194/gems/actionpack-3.2.6/lib/action_dispatch/middleware/templates/rescues/diagnostics.erb within rescues/layout (10.2ms)


Started GET "/" for 127.0.0.1 at 2012-07-12 01:56:48 -0400

ActionController::RoutingError (No route matches [GET] "/"):
  actionpack (3.2.6) lib/action_dispatch/middleware/debug_exceptions.rb:21:in `call'
  actionpack (3.2.6) lib/action_dispatch/middleware/show_exceptions.rb:56:in `call'
  railties (3.2.6) lib/rails/rack/logger.rb:26:in `call_app'
  railties (3.2.6) lib/rails/rack/logger.rb:16:in `call'
  actionpack (3.2.6) lib/action_dispatch/middleware/request_id.rb:22:in `call'
  rack (1.4.1) lib/rack/methodoverride.rb:21:in `call'
  rack (1.4.1) lib/rack/runtime.rb:17:in `call'
  activesupport (3.2.6) lib/active_support/cache/strategy/local_cache.rb:72:in `call'
  rack (1.4.1) lib/rack/lock.rb:15:in `call'
  actionpack (3.2.6) lib/action_dispatch/middleware/static.rb:62:in `call'
  railties (3.2.6) lib/rails/engine.rb:479:in `call'
  railties (3.2.6) lib/rails/application.rb:220:in `call'
  rack (1.4.1) lib/rack/content_length.rb:14:in `call'
  railties (3.2.6) lib/rails/rack/log_tailer.rb:17:in `call'
  rack (1.4.1) lib/rack/handler/webrick.rb:59:in `service'
  /usr/local/Cellar/ruby/1.9.3-p0/lib/ruby/1.9.1/webrick/httpserver.rb:138:in `service'
  /usr/local/Cellar/ruby/1.9.3-p0/lib/ruby/1.9.1/webrick/httpserver.rb:94:in `run'
  /usr/local/Cellar/ruby/1.9.3-p0/lib/ruby/1.9.1/webrick/server.rb:191:in `block in start_thread'


  Rendered /Users/Thoughtworks/.rvm/gems/ruby-1.9.3-p194/gems/actionpack-3.2.6/lib/action_dispatch/middleware/templates/rescues/routing_error.erb within rescues/layout (0.8ms)


Started GET "/" for 127.0.0.1 at 2012-07-12 01:56:50 -0400

ActionController::RoutingError (No route matches [GET] "/"):
  actionpack (3.2.6) lib/action_dispatch/middleware/debug_exceptions.rb:21:in `call'
  actionpack (3.2.6) lib/action_dispatch/middleware/show_exceptions.rb:56:in `call'
  railties (3.2.6) lib/rails/rack/logger.rb:26:in `call_app'
  railties (3.2.6) lib/rails/rack/logger.rb:16:in `call'
  actionpack (3.2.6) lib/action_dispatch/middleware/request_id.rb:22:in `call'
  rack (1.4.1) lib/rack/methodoverride.rb:21:in `call'
  rack (1.4.1) lib/rack/runtime.rb:17:in `call'
  activesupport (3.2.6) lib/active_support/cache/strategy/local_cache.rb:72:in `call'
  rack (1.4.1) lib/rack/lock.rb:15:in `call'
  actionpack (3.2.6) lib/action_dispatch/middleware/static.rb:62:in `call'
  railties (3.2.6) lib/rails/engine.rb:479:in `call'
  railties (3.2.6) lib/rails/application.rb:220:in `call'
  rack (1.4.1) lib/rack/content_length.rb:14:in `call'
  railties (3.2.6) lib/rails/rack/log_tailer.rb:17:in `call'
  rack (1.4.1) lib/rack/handler/webrick.rb:59:in `service'
  /usr/local/Cellar/ruby/1.9.3-p0/lib/ruby/1.9.1/webrick/httpserver.rb:138:in `service'
  /usr/local/Cellar/ruby/1.9.3-p0/lib/ruby/1.9.1/webrick/httpserver.rb:94:in `run'
  /usr/local/Cellar/ruby/1.9.3-p0/lib/ruby/1.9.1/webrick/server.rb:191:in `block in start_thread'


  Rendered /Users/Thoughtworks/.rvm/gems/ruby-1.9.3-p194/gems/actionpack-3.2.6/lib/action_dispatch/middleware/templates/rescues/routing_error.erb within rescues/layout (0.5ms)


Started GET "/users/sign_up" for 127.0.0.1 at 2012-07-12 01:57:40 -0400

NoMethodError (undefined method `devise_for' for #<ActionDispatch::Routing::Mapper:0x00000100d6a730>):
  config/routes.rb:3:in `block in <top (required)>'
  config/routes.rb:1:in `<top (required)>'


  Rendered /Users/Thoughtworks/.rvm/gems/ruby-1.9.3-p194/gems/actionpack-3.2.6/lib/action_dispatch/middleware/templates/rescues/_trace.erb (2.3ms)
  Rendered /Users/Thoughtworks/.rvm/gems/ruby-1.9.3-p194/gems/actionpack-3.2.6/lib/action_dispatch/middleware/templates/rescues/_request_and_response.erb (1.0ms)
  Rendered /Users/Thoughtworks/.rvm/gems/ruby-1.9.3-p194/gems/actionpack-3.2.6/lib/action_dispatch/middleware/templates/rescues/diagnostics.erb within rescues/layout (29.7ms)
Connecting to database specified by database.yml


Started GET "/" for 127.0.0.1 at 2012-07-12 02:00:41 -0400
Processing by HomeController#index as HTML
  Rendered home/index.html.erb within layouts/application (1.6ms)
Completed 200 OK in 142ms (Views: 141.1ms | ActiveRecord: 0.0ms)


Started GET "/assets/application.css?body=1" for 127.0.0.1 at 2012-07-12 02:00:42 -0400
Served asset /application.css - 304 Not Modified (2ms)


Started GET "/assets/home.css?body=1" for 127.0.0.1 at 2012-07-12 02:00:42 -0400
Served asset /home.css - 304 Not Modified (1ms)


Started GET "/assets/jquery_ujs.js?body=1" for 127.0.0.1 at 2012-07-12 02:00:42 -0400
Served asset /jquery_ujs.js - 304 Not Modified (1ms)


Started GET "/assets/jquery.js?body=1" for 127.0.0.1 at 2012-07-12 02:00:42 -0400
Served asset /jquery.js - 304 Not Modified (2ms)


Started GET "/assets/application.js?body=1" for 127.0.0.1 at 2012-07-12 02:00:42 -0400
Served asset /application.js - 304 Not Modified (3ms)


Started GET "/assets/home.js?body=1" for 127.0.0.1 at 2012-07-12 02:00:42 -0400
Served asset /home.js - 304 Not Modified (1ms)


Started GET "/users/sign_in" for 127.0.0.1 at 2012-07-12 02:00:51 -0400
Processing by Devise::SessionsController#new as HTML
  Rendered /Users/Thoughtworks/.rvm/gems/ruby-1.9.3-p194/gems/devise-2.1.2/app/views/devise/shared/_links.erb (1.6ms)
  Rendered /Users/Thoughtworks/.rvm/gems/ruby-1.9.3-p194/gems/devise-2.1.2/app/views/devise/sessions/new.html.erb within layouts/application (83.1ms)
Completed 200 OK in 118ms (Views: 88.9ms | ActiveRecord: 2.2ms)


Started GET "/assets/application.css?body=1" for 127.0.0.1 at 2012-07-12 02:00:51 -0400
Served asset /application.css - 304 Not Modified (1ms)


Started GET "/assets/jquery.js?body=1" for 127.0.0.1 at 2012-07-12 02:00:51 -0400
Served asset /jquery.js - 304 Not Modified (0ms)


Started GET "/assets/home.css?body=1" for 127.0.0.1 at 2012-07-12 02:00:51 -0400
Served asset /home.css - 304 Not Modified (0ms)


Started GET "/assets/jquery_ujs.js?body=1" for 127.0.0.1 at 2012-07-12 02:00:51 -0400
Served asset /jquery_ujs.js - 304 Not Modified (0ms)


Started GET "/assets/application.js?body=1" for 127.0.0.1 at 2012-07-12 02:00:51 -0400
Served asset /application.js - 304 Not Modified (0ms)


Started GET "/assets/home.js?body=1" for 127.0.0.1 at 2012-07-12 02:00:51 -0400
Served asset /home.js - 304 Not Modified (0ms)


Started POST "/users/sign_in" for 127.0.0.1 at 2012-07-12 02:00:59 -0400
Processing by Devise::SessionsController#create as HTML
  Parameters: {"utf8"=>"✓", "authenticity_token"=>"bCc2K5MBqobbdtkjUL2+mav6z2RivstRO0uRiwmL8LU=", "user"=>{"email"=>"", "password"=>"[FILTERED]", "remember_me"=>"0"}, "commit"=>"Sign in"}
Completed 401 Unauthorized in 1ms
Processing by Devise::SessionsController#new as HTML
  Parameters: {"utf8"=>"✓", "authenticity_token"=>"bCc2K5MBqobbdtkjUL2+mav6z2RivstRO0uRiwmL8LU=", "user"=>{"email"=>"", "password"=>"[FILTERED]", "remember_me"=>"0"}, "commit"=>"Sign in"}
  Rendered /Users/Thoughtworks/.rvm/gems/ruby-1.9.3-p194/gems/devise-2.1.2/app/views/devise/shared/_links.erb (0.4ms)
  Rendered /Users/Thoughtworks/.rvm/gems/ruby-1.9.3-p194/gems/devise-2.1.2/app/views/devise/sessions/new.html.erb within layouts/application (3.1ms)
Completed 200 OK in 14ms (Views: 13.7ms | ActiveRecord: 0.0ms)


Started GET "/assets/application.css?body=1" for 127.0.0.1 at 2012-07-12 02:00:59 -0400
Served asset /application.css - 304 Not Modified (1ms)


Started GET "/assets/jquery.js?body=1" for 127.0.0.1 at 2012-07-12 02:00:59 -0400
Served asset /jquery.js - 304 Not Modified (0ms)


Started GET "/assets/home.css?body=1" for 127.0.0.1 at 2012-07-12 02:00:59 -0400
Served asset /home.css - 304 Not Modified (0ms)


Started GET "/assets/home.js?body=1" for 127.0.0.1 at 2012-07-12 02:00:59 -0400
Served asset /home.js - 304 Not Modified (0ms)


Started GET "/assets/jquery_ujs.js?body=1" for 127.0.0.1 at 2012-07-12 02:00:59 -0400
Served asset /jquery_ujs.js - 304 Not Modified (0ms)


Started GET "/assets/application.js?body=1" for 127.0.0.1 at 2012-07-12 02:00:59 -0400
Served asset /application.js - 304 Not Modified (0ms)


Started GET "/" for 127.0.0.1 at 2012-07-12 02:08:16 -0400
Processing by HomeController#index as HTML
  Rendered home/index.html.erb within layouts/application (1.2ms)
Completed 200 OK in 214ms (Views: 209.1ms | ActiveRecord: 0.0ms)


Started GET "/assets/application.css?body=1" for 127.0.0.1 at 2012-07-12 02:08:16 -0400
Served asset /application.css - 304 Not Modified (1ms)


Started GET "/assets/home.css?body=1" for 127.0.0.1 at 2012-07-12 02:08:17 -0400
Served asset /home.css - 304 Not Modified (0ms)


Started GET "/assets/jquery.js?body=1" for 127.0.0.1 at 2012-07-12 02:08:17 -0400
Served asset /jquery.js - 304 Not Modified (0ms)


Started GET "/assets/jquery_ujs.js?body=1" for 127.0.0.1 at 2012-07-12 02:08:17 -0400
Served asset /jquery_ujs.js - 304 Not Modified (0ms)


Started GET "/assets/home.js?body=1" for 127.0.0.1 at 2012-07-12 02:08:17 -0400
Served asset /home.js - 304 Not Modified (7ms)


Started GET "/assets/application.js?body=1" for 127.0.0.1 at 2012-07-12 02:08:17 -0400
Served asset /application.js - 304 Not Modified (21ms)


Started GET "/users/sign_in" for 127.0.0.1 at 2012-07-12 02:08:21 -0400
Processing by Devise::SessionsController#new as HTML
  Rendered /Users/Thoughtworks/.rvm/gems/ruby-1.9.3-p194/gems/devise-2.1.2/app/views/devise/shared/_links.erb (0.8ms)
  Rendered /Users/Thoughtworks/.rvm/gems/ruby-1.9.3-p194/gems/devise-2.1.2/app/views/devise/sessions/new.html.erb within layouts/application (39.8ms)
Completed 200 OK in 119ms (Views: 83.3ms | ActiveRecord: 0.0ms)


Started GET "/assets/application.css?body=1" for 127.0.0.1 at 2012-07-12 02:08:21 -0400
Served asset /application.css - 304 Not Modified (12ms)


Started GET "/assets/home.css?body=1" for 127.0.0.1 at 2012-07-12 02:08:21 -0400
Served asset /home.css - 304 Not Modified (1ms)


Started GET "/assets/jquery.js?body=1" for 127.0.0.1 at 2012-07-12 02:08:22 -0400
Served asset /jquery.js - 304 Not Modified (0ms)


Started GET "/assets/jquery_ujs.js?body=1" for 127.0.0.1 at 2012-07-12 02:08:22 -0400
Served asset /jquery_ujs.js - 304 Not Modified (0ms)


Started GET "/assets/home.js?body=1" for 127.0.0.1 at 2012-07-12 02:08:22 -0400
Served asset /home.js - 304 Not Modified (0ms)


Started GET "/assets/application.js?body=1" for 127.0.0.1 at 2012-07-12 02:08:22 -0400
Served asset /application.js - 304 Not Modified (0ms)


Started GET "/users/sign_up" for 127.0.0.1 at 2012-07-12 02:08:25 -0400
Processing by Devise::RegistrationsController#new as HTML
  Rendered /Users/Thoughtworks/.rvm/gems/ruby-1.9.3-p194/gems/devise-2.1.2/app/views/devise/shared/_links.erb (0.8ms)
  Rendered /Users/Thoughtworks/.rvm/gems/ruby-1.9.3-p194/gems/devise-2.1.2/app/views/devise/registrations/new.html.erb within layouts/application (6.4ms)
Completed 200 OK in 45ms (Views: 44.4ms | ActiveRecord: 0.0ms)


Started GET "/assets/application.css?body=1" for 127.0.0.1 at 2012-07-12 02:08:25 -0400
Served asset /application.css - 304 Not Modified (0ms)


Started GET "/assets/jquery_ujs.js?body=1" for 127.0.0.1 at 2012-07-12 02:08:25 -0400
Served asset /jquery_ujs.js - 304 Not Modified (0ms)


Started GET "/assets/home.css?body=1" for 127.0.0.1 at 2012-07-12 02:08:25 -0400
Served asset /home.css - 304 Not Modified (0ms)


Started GET "/assets/jquery.js?body=1" for 127.0.0.1 at 2012-07-12 02:08:25 -0400
Served asset /jquery.js - 304 Not Modified (0ms)


Started GET "/assets/application.js?body=1" for 127.0.0.1 at 2012-07-12 02:08:25 -0400
Served asset /application.js - 304 Not Modified (0ms)


Started GET "/assets/home.js?body=1" for 127.0.0.1 at 2012-07-12 02:08:25 -0400
Served asset /home.js - 304 Not Modified (0ms)


Started GET "/users/sign_in" for 127.0.0.1 at 2012-07-12 02:08:27 -0400
Processing by Devise::SessionsController#new as HTML
  Rendered /Users/Thoughtworks/.rvm/gems/ruby-1.9.3-p194/gems/devise-2.1.2/app/views/devise/shared/_links.erb (0.4ms)
  Rendered /Users/Thoughtworks/.rvm/gems/ruby-1.9.3-p194/gems/devise-2.1.2/app/views/devise/sessions/new.html.erb within layouts/application (3.2ms)
Completed 200 OK in 9ms (Views: 8.6ms | ActiveRecord: 0.0ms)


Started GET "/assets/application.css?body=1" for 127.0.0.1 at 2012-07-12 02:08:27 -0400
Served asset /application.css - 304 Not Modified (0ms)


Started GET "/assets/home.css?body=1" for 127.0.0.1 at 2012-07-12 02:08:27 -0400
Served asset /home.css - 304 Not Modified (0ms)


Started GET "/assets/jquery.js?body=1" for 127.0.0.1 at 2012-07-12 02:08:27 -0400
Served asset /jquery.js - 304 Not Modified (0ms)


Started GET "/assets/jquery_ujs.js?body=1" for 127.0.0.1 at 2012-07-12 02:08:27 -0400
Served asset /jquery_ujs.js - 304 Not Modified (0ms)


Started GET "/assets/application.js?body=1" for 127.0.0.1 at 2012-07-12 02:08:27 -0400
Served asset /application.js - 304 Not Modified (0ms)


Started GET "/assets/home.js?body=1" for 127.0.0.1 at 2012-07-12 02:08:27 -0400
Served asset /home.js - 304 Not Modified (0ms)


Started GET "/users/sign_up" for 127.0.0.1 at 2012-07-12 02:08:29 -0400
Processing by Devise::RegistrationsController#new as HTML
  Rendered /Users/Thoughtworks/.rvm/gems/ruby-1.9.3-p194/gems/devise-2.1.2/app/views/devise/shared/_links.erb (0.4ms)
  Rendered /Users/Thoughtworks/.rvm/gems/ruby-1.9.3-p194/gems/devise-2.1.2/app/views/devise/registrations/new.html.erb within layouts/application (3.0ms)
Completed 200 OK in 9ms (Views: 8.5ms | ActiveRecord: 0.0ms)


Started GET "/assets/application.css?body=1" for 127.0.0.1 at 2012-07-12 02:08:29 -0400
Served asset /application.css - 304 Not Modified (0ms)


Started GET "/assets/jquery.js?body=1" for 127.0.0.1 at 2012-07-12 02:08:29 -0400
Served asset /jquery.js - 304 Not Modified (0ms)


Started GET "/assets/home.css?body=1" for 127.0.0.1 at 2012-07-12 02:08:29 -0400
Served asset /home.css - 304 Not Modified (0ms)


Started GET "/assets/home.js?body=1" for 127.0.0.1 at 2012-07-12 02:08:29 -0400
Served asset /home.js - 304 Not Modified (0ms)


Started GET "/assets/jquery_ujs.js?body=1" for 127.0.0.1 at 2012-07-12 02:08:29 -0400
Served asset /jquery_ujs.js - 304 Not Modified (0ms)


Started GET "/assets/application.js?body=1" for 127.0.0.1 at 2012-07-12 02:08:30 -0400
Served asset /application.js - 304 Not Modified (4ms)


Started GET "/" for 127.0.0.1 at 2012-07-12 02:10:16 -0400
Processing by HomeController#index as HTML
  Rendered home/index.html.erb within layouts/application (0.0ms)
Completed 200 OK in 18ms (Views: 17.6ms | ActiveRecord: 0.0ms)


Started GET "/assets/application.css?body=1" for 127.0.0.1 at 2012-07-12 02:10:16 -0400
Served asset /application.css - 304 Not Modified (1ms)


Started GET "/assets/home.css?body=1" for 127.0.0.1 at 2012-07-12 02:10:16 -0400
Served asset /home.css - 304 Not Modified (1ms)


Started GET "/assets/jquery_ujs.js?body=1" for 127.0.0.1 at 2012-07-12 02:10:16 -0400
Served asset /jquery_ujs.js - 304 Not Modified (0ms)


Started GET "/assets/jquery.js?body=1" for 127.0.0.1 at 2012-07-12 02:10:16 -0400
Served asset /jquery.js - 304 Not Modified (0ms)


Started GET "/assets/home.js?body=1" for 127.0.0.1 at 2012-07-12 02:10:16 -0400
Served asset /home.js - 304 Not Modified (1ms)


Started GET "/assets/application.js?body=1" for 127.0.0.1 at 2012-07-12 02:10:16 -0400
Served asset /application.js - 304 Not Modified (0ms)


Started GET "/" for 127.0.0.1 at 2012-07-12 08:55:18 -0400
Processing by HomeController#index as HTML
  Rendered home/index.html.erb within layouts/application (0.1ms)
Compiled home.css  (926ms)  (pid 22239)
Compiled application.css  (8ms)  (pid 22239)
Completed 200 OK in 1107ms (Views: 1106.2ms | ActiveRecord: 0.0ms)


Started GET "/assets/application.css?body=1" for 127.0.0.1 at 2012-07-12 08:55:20 -0400
Served asset /application.css - 304 Not Modified (2ms)


Started GET "/assets/jquery_ujs.js?body=1" for 127.0.0.1 at 2012-07-12 08:55:20 -0400
Served asset /jquery_ujs.js - 304 Not Modified (0ms)


Started GET "/assets/home.css?body=1" for 127.0.0.1 at 2012-07-12 08:55:20 -0400
Served asset /home.css - 200 OK (1ms)


Started GET "/assets/jquery.js?body=1" for 127.0.0.1 at 2012-07-12 08:55:20 -0400
Served asset /jquery.js - 304 Not Modified (0ms)


Started GET "/assets/application.js?body=1" for 127.0.0.1 at 2012-07-12 08:55:20 -0400
Served asset /application.js - 304 Not Modified (0ms)


Started GET "/assets/home.js?body=1" for 127.0.0.1 at 2012-07-12 08:55:20 -0400
Served asset /home.js - 304 Not Modified (0ms)


Started GET "/" for 127.0.0.1 at 2012-07-12 08:56:07 -0400
Processing by HomeController#index as HTML
  Rendered home/index.html.erb within layouts/application (0.4ms)
Completed 200 OK in 38ms (Views: 37.8ms | ActiveRecord: 0.0ms)


Started GET "/assets/application.css?body=1" for 127.0.0.1 at 2012-07-12 08:56:07 -0400
Served asset /application.css - 304 Not Modified (0ms)


Started GET "/assets/home.css?body=1" for 127.0.0.1 at 2012-07-12 08:56:07 -0400
Served asset /home.css - 304 Not Modified (0ms)


Started GET "/assets/jquery.js?body=1" for 127.0.0.1 at 2012-07-12 08:56:07 -0400
Served asset /jquery.js - 304 Not Modified (0ms)


Started GET "/assets/jquery_ujs.js?body=1" for 127.0.0.1 at 2012-07-12 08:56:07 -0400
Served asset /jquery_ujs.js - 304 Not Modified (0ms)


Started GET "/assets/home.js?body=1" for 127.0.0.1 at 2012-07-12 08:56:07 -0400
Served asset /home.js - 304 Not Modified (54ms)


Started GET "/assets/application.js?body=1" for 127.0.0.1 at 2012-07-12 08:56:07 -0400
Served asset /application.js - 304 Not Modified (0ms)
Connecting to database specified by database.yml
  [1m[36m (0.2ms)[0m  [1mSELECT `schema_migrations`.`version` FROM `schema_migrations` [0m
  [1m[35m (72.5ms)[0m  DROP DATABASE IF EXISTS `PhotoShoot_test`
  [1m[36m (0.6ms)[0m  [1mCREATE DATABASE `PhotoShoot_test` DEFAULT CHARACTER SET `utf8` COLLATE `utf8_unicode_ci`[0m
  [1m[35m (95.0ms)[0m  CREATE TABLE `users` (`id` int(11) DEFAULT NULL auto_increment PRIMARY KEY, `email` varchar(255) DEFAULT '' NOT NULL, `encrypted_password` varchar(255) DEFAULT '' NOT NULL, `reset_password_token` varchar(255), `reset_password_sent_at` datetime, `remember_created_at` datetime, `sign_in_count` int(11) DEFAULT 0, `current_sign_in_at` datetime, `last_sign_in_at` datetime, `current_sign_in_ip` varchar(255), `last_sign_in_ip` varchar(255), `created_at` datetime NOT NULL, `updated_at` datetime NOT NULL) ENGINE=InnoDB
  [1m[36m (221.6ms)[0m  [1mCREATE UNIQUE INDEX `index_users_on_email` ON `users` (`email`)[0m
  [1m[35m (137.6ms)[0m  CREATE UNIQUE INDEX `index_users_on_reset_password_token` ON `users` (`reset_password_token`)
  [1m[36m (166.0ms)[0m  [1mCREATE TABLE `schema_migrations` (`version` varchar(255) NOT NULL) ENGINE=InnoDB[0m
  [1m[35m (157.5ms)[0m  CREATE UNIQUE INDEX `unique_schema_migrations` ON `schema_migrations` (`version`)
  [1m[36m (0.3ms)[0m  [1mSELECT version FROM `schema_migrations`[0m
  [1m[35m (1.1ms)[0m  INSERT INTO `schema_migrations` (version) VALUES ('20120712054801')
Connecting to database specified by database.yml
  [1m[36m (0.2ms)[0m  [1mSELECT `schema_migrations`.`version` FROM `schema_migrations` [0m
  [1m[35m (35.0ms)[0m  DROP DATABASE IF EXISTS `PhotoShoot_test`
  [1m[36m (0.4ms)[0m  [1mCREATE DATABASE `PhotoShoot_test` DEFAULT CHARACTER SET `utf8` COLLATE `utf8_unicode_ci`[0m
  [1m[35m (92.2ms)[0m  CREATE TABLE `users` (`id` int(11) DEFAULT NULL auto_increment PRIMARY KEY, `email` varchar(255) DEFAULT '' NOT NULL, `encrypted_password` varchar(255) DEFAULT '' NOT NULL, `reset_password_token` varchar(255), `reset_password_sent_at` datetime, `remember_created_at` datetime, `sign_in_count` int(11) DEFAULT 0, `current_sign_in_at` datetime, `last_sign_in_at` datetime, `current_sign_in_ip` varchar(255), `last_sign_in_ip` varchar(255), `created_at` datetime NOT NULL, `updated_at` datetime NOT NULL) ENGINE=InnoDB
  [1m[36m (193.5ms)[0m  [1mCREATE UNIQUE INDEX `index_users_on_email` ON `users` (`email`)[0m
  [1m[35m (127.6ms)[0m  CREATE UNIQUE INDEX `index_users_on_reset_password_token` ON `users` (`reset_password_token`)
  [1m[36m (124.3ms)[0m  [1mCREATE TABLE `schema_migrations` (`version` varchar(255) NOT NULL) ENGINE=InnoDB[0m
  [1m[35m (132.1ms)[0m  CREATE UNIQUE INDEX `unique_schema_migrations` ON `schema_migrations` (`version`)
  [1m[36m (0.1ms)[0m  [1mSELECT version FROM `schema_migrations`[0m
  [1m[35m (6.9ms)[0m  INSERT INTO `schema_migrations` (version) VALUES ('20120712054801')
Connecting to database specified by database.yml
  [1m[36m (0.2ms)[0m  [1mSELECT `schema_migrations`.`version` FROM `schema_migrations` [0m
  [1m[35m (44.1ms)[0m  DROP DATABASE IF EXISTS `PhotoShoot_test`
  [1m[36m (0.7ms)[0m  [1mCREATE DATABASE `PhotoShoot_test` DEFAULT CHARACTER SET `utf8` COLLATE `utf8_unicode_ci`[0m
  [1m[35m (85.1ms)[0m  CREATE TABLE `users` (`id` int(11) DEFAULT NULL auto_increment PRIMARY KEY, `email` varchar(255) DEFAULT '' NOT NULL, `encrypted_password` varchar(255) DEFAULT '' NOT NULL, `reset_password_token` varchar(255), `reset_password_sent_at` datetime, `remember_created_at` datetime, `sign_in_count` int(11) DEFAULT 0, `current_sign_in_at` datetime, `last_sign_in_at` datetime, `current_sign_in_ip` varchar(255), `last_sign_in_ip` varchar(255), `created_at` datetime NOT NULL, `updated_at` datetime NOT NULL) ENGINE=InnoDB
  [1m[36m (204.3ms)[0m  [1mCREATE UNIQUE INDEX `index_users_on_email` ON `users` (`email`)[0m
  [1m[35m (88.7ms)[0m  CREATE UNIQUE INDEX `index_users_on_reset_password_token` ON `users` (`reset_password_token`)
  [1m[36m (102.0ms)[0m  [1mCREATE TABLE `schema_migrations` (`version` varchar(255) NOT NULL) ENGINE=InnoDB[0m
  [1m[35m (138.4ms)[0m  CREATE UNIQUE INDEX `unique_schema_migrations` ON `schema_migrations` (`version`)
  [1m[36m (0.2ms)[0m  [1mSELECT version FROM `schema_migrations`[0m
  [1m[35m (10.4ms)[0m  INSERT INTO `schema_migrations` (version) VALUES ('20120712054801')
Connecting to database specified by database.yml
  [1m[36m (0.2ms)[0m  [1mSELECT `schema_migrations`.`version` FROM `schema_migrations` [0m
  [1m[35m (38.5ms)[0m  DROP DATABASE IF EXISTS `PhotoShoot_test`
  [1m[36m (0.4ms)[0m  [1mCREATE DATABASE `PhotoShoot_test` DEFAULT CHARACTER SET `utf8` COLLATE `utf8_unicode_ci`[0m
  [1m[35m (56.2ms)[0m  CREATE TABLE `users` (`id` int(11) DEFAULT NULL auto_increment PRIMARY KEY, `email` varchar(255) DEFAULT '' NOT NULL, `encrypted_password` varchar(255) DEFAULT '' NOT NULL, `reset_password_token` varchar(255), `reset_password_sent_at` datetime, `remember_created_at` datetime, `sign_in_count` int(11) DEFAULT 0, `current_sign_in_at` datetime, `last_sign_in_at` datetime, `current_sign_in_ip` varchar(255), `last_sign_in_ip` varchar(255), `created_at` datetime NOT NULL, `updated_at` datetime NOT NULL) ENGINE=InnoDB
  [1m[36m (172.7ms)[0m  [1mCREATE UNIQUE INDEX `index_users_on_email` ON `users` (`email`)[0m
  [1m[35m (133.1ms)[0m  CREATE UNIQUE INDEX `index_users_on_reset_password_token` ON `users` (`reset_password_token`)
  [1m[36m (134.8ms)[0m  [1mCREATE TABLE `schema_migrations` (`version` varchar(255) NOT NULL) ENGINE=InnoDB[0m
  [1m[35m (124.1ms)[0m  CREATE UNIQUE INDEX `unique_schema_migrations` ON `schema_migrations` (`version`)
  [1m[36m (0.2ms)[0m  [1mSELECT version FROM `schema_migrations`[0m
  [1m[35m (28.8ms)[0m  INSERT INTO `schema_migrations` (version) VALUES ('20120712054801')


Started GET "/" for 127.0.0.1 at 2012-07-12 12:47:32 -0400
Processing by HomeController#index as HTML
  Rendered home/index.html.erb within layouts/application (0.1ms)
Completed 200 OK in 25ms (Views: 24.9ms | ActiveRecord: 0.0ms)


Started GET "/assets/application.css?body=1" for 127.0.0.1 at 2012-07-12 12:47:32 -0400
Served asset /application.css - 304 Not Modified (0ms)


Started GET "/assets/jquery.js?body=1" for 127.0.0.1 at 2012-07-12 12:47:32 -0400
Served asset /jquery.js - 304 Not Modified (0ms)


Started GET "/assets/home.css?body=1" for 127.0.0.1 at 2012-07-12 12:47:32 -0400
Served asset /home.css - 304 Not Modified (0ms)


Started GET "/assets/jquery_ujs.js?body=1" for 127.0.0.1 at 2012-07-12 12:47:32 -0400
Served asset /jquery_ujs.js - 304 Not Modified (0ms)


Started GET "/assets/home.js?body=1" for 127.0.0.1 at 2012-07-12 12:47:32 -0400
Served asset /home.js - 304 Not Modified (0ms)


Started GET "/assets/application.js?body=1" for 127.0.0.1 at 2012-07-12 12:47:32 -0400
Served asset /application.js - 304 Not Modified (0ms)


Started GET "/users/sign_up" for 127.0.0.1 at 2012-07-12 12:47:34 -0400
Processing by Devise::RegistrationsController#new as HTML
  Rendered /Users/Thoughtworks/.rvm/gems/ruby-1.9.3-p194/gems/devise-2.1.2/app/views/devise/shared/_links.erb (0.6ms)
  Rendered /Users/Thoughtworks/.rvm/gems/ruby-1.9.3-p194/gems/devise-2.1.2/app/views/devise/registrations/new.html.erb within layouts/application (5.8ms)
Completed 200 OK in 32ms (Views: 31.6ms | ActiveRecord: 0.0ms)


Started GET "/assets/application.css?body=1" for 127.0.0.1 at 2012-07-12 12:47:34 -0400
Served asset /application.css - 304 Not Modified (0ms)


Started GET "/assets/home.css?body=1" for 127.0.0.1 at 2012-07-12 12:47:34 -0400
Served asset /home.css - 304 Not Modified (0ms)


Started GET "/assets/jquery_ujs.js?body=1" for 127.0.0.1 at 2012-07-12 12:47:34 -0400
Served asset /jquery_ujs.js - 304 Not Modified (0ms)


Started GET "/assets/jquery.js?body=1" for 127.0.0.1 at 2012-07-12 12:47:34 -0400
Served asset /jquery.js - 304 Not Modified (0ms)


Started GET "/assets/home.js?body=1" for 127.0.0.1 at 2012-07-12 12:47:34 -0400
Served asset /home.js - 304 Not Modified (0ms)


Started GET "/assets/application.js?body=1" for 127.0.0.1 at 2012-07-12 12:47:34 -0400
Served asset /application.js - 304 Not Modified (0ms)


Started GET "/users/sign_in" for 127.0.0.1 at 2012-07-12 12:47:36 -0400
Processing by Devise::SessionsController#new as HTML
  Rendered /Users/Thoughtworks/.rvm/gems/ruby-1.9.3-p194/gems/devise-2.1.2/app/views/devise/shared/_links.erb (0.4ms)
  Rendered /Users/Thoughtworks/.rvm/gems/ruby-1.9.3-p194/gems/devise-2.1.2/app/views/devise/sessions/new.html.erb within layouts/application (2.8ms)
Completed 200 OK in 9ms (Views: 8.2ms | ActiveRecord: 0.0ms)


Started GET "/assets/application.css?body=1" for 127.0.0.1 at 2012-07-12 12:47:36 -0400
Served asset /application.css - 304 Not Modified (0ms)


Started GET "/assets/home.css?body=1" for 127.0.0.1 at 2012-07-12 12:47:36 -0400
Served asset /home.css - 304 Not Modified (0ms)


Started GET "/assets/jquery_ujs.js?body=1" for 127.0.0.1 at 2012-07-12 12:47:36 -0400
Served asset /jquery_ujs.js - 304 Not Modified (0ms)


Started GET "/assets/jquery.js?body=1" for 127.0.0.1 at 2012-07-12 12:47:36 -0400
Served asset /jquery.js - 304 Not Modified (0ms)


Started GET "/assets/home.js?body=1" for 127.0.0.1 at 2012-07-12 12:47:36 -0400
Served asset /home.js - 304 Not Modified (0ms)


Started GET "/assets/application.js?body=1" for 127.0.0.1 at 2012-07-12 12:47:36 -0400
Served asset /application.js - 304 Not Modified (0ms)


Started GET "/users/sign_up" for 127.0.0.1 at 2012-07-12 12:47:38 -0400
Processing by Devise::RegistrationsController#new as HTML
  Rendered /Users/Thoughtworks/.rvm/gems/ruby-1.9.3-p194/gems/devise-2.1.2/app/views/devise/shared/_links.erb (0.4ms)
  Rendered /Users/Thoughtworks/.rvm/gems/ruby-1.9.3-p194/gems/devise-2.1.2/app/views/devise/registrations/new.html.erb within layouts/application (2.9ms)
Completed 200 OK in 31ms (Views: 30.6ms | ActiveRecord: 0.0ms)


Started GET "/assets/application.css?body=1" for 127.0.0.1 at 2012-07-12 12:47:38 -0400
Served asset /application.css - 304 Not Modified (0ms)


Started GET "/assets/home.css?body=1" for 127.0.0.1 at 2012-07-12 12:47:38 -0400
Served asset /home.css - 304 Not Modified (0ms)


Started GET "/assets/home.js?body=1" for 127.0.0.1 at 2012-07-12 12:47:38 -0400
Served asset /home.js - 304 Not Modified (0ms)


Started GET "/assets/jquery.js?body=1" for 127.0.0.1 at 2012-07-12 12:47:38 -0400
Served asset /jquery.js - 304 Not Modified (0ms)


Started GET "/assets/jquery_ujs.js?body=1" for 127.0.0.1 at 2012-07-12 12:47:38 -0400
Served asset /jquery_ujs.js - 304 Not Modified (0ms)


Started GET "/assets/application.js?body=1" for 127.0.0.1 at 2012-07-12 12:47:38 -0400
Served asset /application.js - 304 Not Modified (0ms)


Started GET "/users/sign_in" for 127.0.0.1 at 2012-07-12 12:47:39 -0400
Processing by Devise::SessionsController#new as HTML
  Rendered /Users/Thoughtworks/.rvm/gems/ruby-1.9.3-p194/gems/devise-2.1.2/app/views/devise/shared/_links.erb (0.4ms)
  Rendered /Users/Thoughtworks/.rvm/gems/ruby-1.9.3-p194/gems/devise-2.1.2/app/views/devise/sessions/new.html.erb within layouts/application (3.0ms)
Completed 200 OK in 9ms (Views: 8.3ms | ActiveRecord: 0.0ms)


Started GET "/assets/application.css?body=1" for 127.0.0.1 at 2012-07-12 12:47:39 -0400
Served asset /application.css - 304 Not Modified (0ms)


Started GET "/assets/home.css?body=1" for 127.0.0.1 at 2012-07-12 12:47:39 -0400
Served asset /home.css - 304 Not Modified (0ms)


Started GET "/assets/jquery_ujs.js?body=1" for 127.0.0.1 at 2012-07-12 12:47:39 -0400
Served asset /jquery_ujs.js - 304 Not Modified (0ms)


Started GET "/assets/jquery.js?body=1" for 127.0.0.1 at 2012-07-12 12:47:39 -0400
Served asset /jquery.js - 304 Not Modified (0ms)


Started GET "/assets/home.js?body=1" for 127.0.0.1 at 2012-07-12 12:47:39 -0400
Served asset /home.js - 304 Not Modified (0ms)


Started GET "/assets/application.js?body=1" for 127.0.0.1 at 2012-07-12 12:47:39 -0400
Served asset /application.js - 304 Not Modified (0ms)


Started GET "/users/sign_up" for 127.0.0.1 at 2012-07-12 12:47:41 -0400
Processing by Devise::RegistrationsController#new as HTML
  Rendered /Users/Thoughtworks/.rvm/gems/ruby-1.9.3-p194/gems/devise-2.1.2/app/views/devise/shared/_links.erb (0.4ms)
  Rendered /Users/Thoughtworks/.rvm/gems/ruby-1.9.3-p194/gems/devise-2.1.2/app/views/devise/registrations/new.html.erb within layouts/application (2.8ms)
Completed 200 OK in 8ms (Views: 7.8ms | ActiveRecord: 0.0ms)


Started GET "/assets/application.css?body=1" for 127.0.0.1 at 2012-07-12 12:47:41 -0400
Served asset /application.css - 304 Not Modified (0ms)


Started GET "/assets/home.css?body=1" for 127.0.0.1 at 2012-07-12 12:47:41 -0400
Served asset /home.css - 304 Not Modified (0ms)


Started GET "/assets/jquery.js?body=1" for 127.0.0.1 at 2012-07-12 12:47:41 -0400
Served asset /jquery.js - 304 Not Modified (0ms)


Started GET "/assets/jquery_ujs.js?body=1" for 127.0.0.1 at 2012-07-12 12:47:41 -0400
Served asset /jquery_ujs.js - 304 Not Modified (0ms)


Started GET "/assets/application.js?body=1" for 127.0.0.1 at 2012-07-12 12:47:41 -0400
Served asset /application.js - 304 Not Modified (0ms)


Started GET "/assets/home.js?body=1" for 127.0.0.1 at 2012-07-12 12:47:41 -0400
Served asset /home.js - 304 Not Modified (0ms)


Started GET "/" for 127.0.0.1 at 2012-07-12 12:47:48 -0400
Processing by HomeController#index as HTML
  Rendered home/index.html.erb within layouts/application (0.0ms)
Completed 200 OK in 4ms (Views: 4.4ms | ActiveRecord: 0.0ms)


Started GET "/assets/application.css?body=1" for 127.0.0.1 at 2012-07-12 12:47:48 -0400
Served asset /application.css - 304 Not Modified (0ms)


Started GET "/assets/jquery.js?body=1" for 127.0.0.1 at 2012-07-12 12:47:48 -0400
Served asset /jquery.js - 304 Not Modified (0ms)


Started GET "/assets/home.css?body=1" for 127.0.0.1 at 2012-07-12 12:47:48 -0400
Served asset /home.css - 304 Not Modified (0ms)


Started GET "/assets/home.js?body=1" for 127.0.0.1 at 2012-07-12 12:47:48 -0400
Served asset /home.js - 304 Not Modified (0ms)


Started GET "/assets/jquery_ujs.js?body=1" for 127.0.0.1 at 2012-07-12 12:47:48 -0400
Served asset /jquery_ujs.js - 304 Not Modified (0ms)


Started GET "/assets/application.js?body=1" for 127.0.0.1 at 2012-07-12 12:47:48 -0400
Served asset /application.js - 304 Not Modified (0ms)
Connecting to database specified by database.yml


Started GET "/" for 127.0.0.1 at 2012-07-12 12:49:38 -0400
Processing by HomeController#index as HTML
  Rendered home/index.html.erb within layouts/application (0.0ms)
Completed 200 OK in 7ms (Views: 6.4ms | ActiveRecord: 0.0ms)


Started GET "/assets/application.css?body=1" for 127.0.0.1 at 2012-07-12 12:49:38 -0400
Served asset /application.css - 304 Not Modified (0ms)


Started GET "/assets/home.css?body=1" for 127.0.0.1 at 2012-07-12 12:49:38 -0400
Served asset /home.css - 304 Not Modified (0ms)


Started GET "/assets/jquery.js?body=1" for 127.0.0.1 at 2012-07-12 12:49:38 -0400
Served asset /jquery.js - 304 Not Modified (0ms)


Started GET "/assets/jquery_ujs.js?body=1" for 127.0.0.1 at 2012-07-12 12:49:38 -0400
Served asset /jquery_ujs.js - 304 Not Modified (0ms)


Started GET "/assets/home.js?body=1" for 127.0.0.1 at 2012-07-12 12:49:38 -0400
Served asset /home.js - 304 Not Modified (0ms)


Started GET "/assets/application.js?body=1" for 127.0.0.1 at 2012-07-12 12:49:38 -0400
Served asset /application.js - 304 Not Modified (0ms)


Started GET "/users/sign_up" for 127.0.0.1 at 2012-07-12 12:50:21 -0400
Processing by Devise::RegistrationsController#new as HTML
  Rendered /Users/Thoughtworks/.rvm/gems/ruby-1.9.3-p194/gems/devise-2.1.2/app/views/devise/shared/_links.erb (0.4ms)
  Rendered /Users/Thoughtworks/.rvm/gems/ruby-1.9.3-p194/gems/devise-2.1.2/app/views/devise/registrations/new.html.erb within layouts/application (3.0ms)
Completed 200 OK in 10ms (Views: 9.1ms | ActiveRecord: 0.0ms)


Started GET "/assets/application.css?body=1" for 127.0.0.1 at 2012-07-12 12:50:21 -0400
Served asset /application.css - 304 Not Modified (0ms)


Started GET "/assets/home.css?body=1" for 127.0.0.1 at 2012-07-12 12:50:21 -0400
Served asset /home.css - 304 Not Modified (1ms)


Started GET "/assets/jquery_ujs.js?body=1" for 127.0.0.1 at 2012-07-12 12:50:21 -0400
Served asset /jquery_ujs.js - 304 Not Modified (0ms)


Started GET "/assets/home.js?body=1" for 127.0.0.1 at 2012-07-12 12:50:21 -0400
Served asset /home.js - 304 Not Modified (0ms)


Started GET "/assets/jquery.js?body=1" for 127.0.0.1 at 2012-07-12 12:50:21 -0400
Served asset /jquery.js - 304 Not Modified (0ms)


Started GET "/assets/application.js?body=1" for 127.0.0.1 at 2012-07-12 12:50:21 -0400
Served asset /application.js - 304 Not Modified (0ms)


Started GET "/home/index" for 127.0.0.1 at 2012-07-12 12:50:22 -0400
Processing by HomeController#index as HTML
  Rendered home/index.html.erb within layouts/application (0.0ms)
Completed 200 OK in 5ms (Views: 5.2ms | ActiveRecord: 0.0ms)


Started GET "/assets/application.css?body=1" for 127.0.0.1 at 2012-07-12 12:50:22 -0400
Served asset /application.css - 304 Not Modified (0ms)


Started GET "/assets/home.css?body=1" for 127.0.0.1 at 2012-07-12 12:50:22 -0400
Served asset /home.css - 304 Not Modified (2ms)


Started GET "/assets/jquery.js?body=1" for 127.0.0.1 at 2012-07-12 12:50:22 -0400
Served asset /jquery.js - 304 Not Modified (0ms)


Started GET "/assets/jquery_ujs.js?body=1" for 127.0.0.1 at 2012-07-12 12:50:22 -0400
Served asset /jquery_ujs.js - 304 Not Modified (0ms)


Started GET "/assets/home.js?body=1" for 127.0.0.1 at 2012-07-12 12:50:22 -0400
Served asset /home.js - 304 Not Modified (0ms)


Started GET "/assets/application.js?body=1" for 127.0.0.1 at 2012-07-12 12:50:22 -0400
Served asset /application.js - 304 Not Modified (0ms)


Started GET "/users/sign_in" for 127.0.0.1 at 2012-07-12 12:50:23 -0400
Processing by Devise::SessionsController#new as HTML
  Rendered /Users/Thoughtworks/.rvm/gems/ruby-1.9.3-p194/gems/devise-2.1.2/app/views/devise/shared/_links.erb (0.4ms)
  Rendered /Users/Thoughtworks/.rvm/gems/ruby-1.9.3-p194/gems/devise-2.1.2/app/views/devise/sessions/new.html.erb within layouts/application (3.1ms)
Completed 200 OK in 9ms (Views: 8.6ms | ActiveRecord: 0.0ms)


Started GET "/assets/application.css?body=1" for 127.0.0.1 at 2012-07-12 12:50:23 -0400
Served asset /application.css - 304 Not Modified (0ms)


Started GET "/assets/home.css?body=1" for 127.0.0.1 at 2012-07-12 12:50:23 -0400
Served asset /home.css - 304 Not Modified (1ms)


Started GET "/assets/jquery_ujs.js?body=1" for 127.0.0.1 at 2012-07-12 12:50:23 -0400
Served asset /jquery_ujs.js - 304 Not Modified (0ms)


Started GET "/assets/jquery.js?body=1" for 127.0.0.1 at 2012-07-12 12:50:23 -0400
Served asset /jquery.js - 304 Not Modified (0ms)


Started GET "/assets/application.js?body=1" for 127.0.0.1 at 2012-07-12 12:50:23 -0400
Served asset /application.js - 304 Not Modified (0ms)


Started GET "/assets/home.js?body=1" for 127.0.0.1 at 2012-07-12 12:50:23 -0400
Served asset /home.js - 304 Not Modified (0ms)


Started GET "/home/index" for 127.0.0.1 at 2012-07-12 12:50:25 -0400
Processing by HomeController#index as HTML
  Rendered home/index.html.erb within layouts/application (0.0ms)
Completed 200 OK in 5ms (Views: 4.9ms | ActiveRecord: 0.0ms)


Started GET "/assets/home.css?body=1" for 127.0.0.1 at 2012-07-12 12:50:25 -0400
Served asset /home.css - 304 Not Modified (0ms)


Started GET "/assets/application.css?body=1" for 127.0.0.1 at 2012-07-12 12:50:25 -0400
Served asset /application.css - 304 Not Modified (0ms)


Started GET "/assets/jquery.js?body=1" for 127.0.0.1 at 2012-07-12 12:50:25 -0400
Served asset /jquery.js - 304 Not Modified (0ms)


Started GET "/assets/jquery_ujs.js?body=1" for 127.0.0.1 at 2012-07-12 12:50:25 -0400
Served asset /jquery_ujs.js - 304 Not Modified (0ms)


Started GET "/assets/application.js?body=1" for 127.0.0.1 at 2012-07-12 12:50:25 -0400
Served asset /application.js - 304 Not Modified (0ms)


Started GET "/assets/home.js?body=1" for 127.0.0.1 at 2012-07-12 12:50:25 -0400
Served asset /home.js - 304 Not Modified (0ms)


Started GET "/home/index" for 127.0.0.1 at 2012-07-12 12:53:54 -0400
Processing by HomeController#index as HTML
  Rendered home/index.html.erb within layouts/application (0.0ms)
Compiled home.css  (2ms)  (pid 22239)
Compiled application.css  (1ms)  (pid 22239)
Completed 200 OK in 19ms (Views: 19.0ms | ActiveRecord: 0.0ms)


Started GET "/assets/home.css?body=1" for 127.0.0.1 at 2012-07-12 12:53:55 -0400
Served asset /home.css - 200 OK (5ms)


Started GET "/assets/jquery_ujs.js?body=1" for 127.0.0.1 at 2012-07-12 12:53:55 -0400
Served asset /jquery_ujs.js - 304 Not Modified (0ms)


Started GET "/assets/home.js?body=1" for 127.0.0.1 at 2012-07-12 12:53:55 -0400
Served asset /home.js - 304 Not Modified (0ms)


Started GET "/assets/application.css?body=1" for 127.0.0.1 at 2012-07-12 12:53:55 -0400
Served asset /application.css - 304 Not Modified (16ms)


Started GET "/assets/jquery.js?body=1" for 127.0.0.1 at 2012-07-12 12:53:55 -0400
Served asset /jquery.js - 304 Not Modified (0ms)


Started GET "/assets/application.js?body=1" for 127.0.0.1 at 2012-07-12 12:53:55 -0400
Served asset /application.js - 304 Not Modified (0ms)


Started GET "/home/index" for 127.0.0.1 at 2012-07-12 12:54:50 -0400
Processing by HomeController#index as HTML
  Rendered home/index.html.erb within layouts/application (0.0ms)
Compiled home.css  (2ms)  (pid 22239)
Compiled application.css  (1ms)  (pid 22239)
Completed 200 OK in 87ms (Views: 86.6ms | ActiveRecord: 0.0ms)


Started GET "/assets/application.css?body=1" for 127.0.0.1 at 2012-07-12 12:54:50 -0400
Served asset /application.css - 304 Not Modified (2ms)


Started GET "/assets/home.css?body=1" for 127.0.0.1 at 2012-07-12 12:54:50 -0400
Served asset /home.css - 200 OK (1ms)


Started GET "/assets/jquery.js?body=1" for 127.0.0.1 at 2012-07-12 12:54:50 -0400
Served asset /jquery.js - 304 Not Modified (0ms)


Started GET "/assets/jquery_ujs.js?body=1" for 127.0.0.1 at 2012-07-12 12:54:50 -0400
Served asset /jquery_ujs.js - 304 Not Modified (0ms)


Started GET "/assets/home.js?body=1" for 127.0.0.1 at 2012-07-12 12:54:50 -0400
Served asset /home.js - 304 Not Modified (0ms)


Started GET "/assets/application.js?body=1" for 127.0.0.1 at 2012-07-12 12:54:50 -0400
Served asset /application.js - 304 Not Modified (0ms)


Started GET "/home/index" for 127.0.0.1 at 2012-07-12 13:20:56 -0400
Processing by HomeController#index as HTML
  Rendered home/index.html.erb within layouts/application (0.0ms)
Completed 200 OK in 5ms (Views: 4.8ms | ActiveRecord: 0.0ms)


Started GET "/assets/application.css?body=1" for 127.0.0.1 at 2012-07-12 13:20:56 -0400
Served asset /application.css - 304 Not Modified (0ms)


Started GET "/assets/home.css?body=1" for 127.0.0.1 at 2012-07-12 13:20:56 -0400
Served asset /home.css - 304 Not Modified (0ms)


Started GET "/assets/jquery.js?body=1" for 127.0.0.1 at 2012-07-12 13:20:56 -0400
Served asset /jquery.js - 304 Not Modified (0ms)


Started GET "/assets/jquery_ujs.js?body=1" for 127.0.0.1 at 2012-07-12 13:20:56 -0400
Served asset /jquery_ujs.js - 304 Not Modified (0ms)


Started GET "/assets/application.js?body=1" for 127.0.0.1 at 2012-07-12 13:20:56 -0400
Served asset /application.js - 304 Not Modified (0ms)


Started GET "/assets/home.js?body=1" for 127.0.0.1 at 2012-07-12 13:20:56 -0400
Served asset /home.js - 304 Not Modified (0ms)


Started GET "/users/sign_up" for 127.0.0.1 at 2012-07-12 13:20:58 -0400
Processing by Devise::RegistrationsController#new as HTML
  Rendered /Users/Thoughtworks/.rvm/gems/ruby-1.9.3-p194/gems/devise-2.1.2/app/views/devise/shared/_links.erb (0.4ms)
  Rendered /Users/Thoughtworks/.rvm/gems/ruby-1.9.3-p194/gems/devise-2.1.2/app/views/devise/registrations/new.html.erb within layouts/application (3.0ms)
Completed 200 OK in 9ms (Views: 8.7ms | ActiveRecord: 0.0ms)


Started GET "/assets/application.css?body=1" for 127.0.0.1 at 2012-07-12 13:20:58 -0400
Served asset /application.css - 304 Not Modified (0ms)


Started GET "/assets/jquery.js?body=1" for 127.0.0.1 at 2012-07-12 13:20:58 -0400
Served asset /jquery.js - 304 Not Modified (0ms)


Started GET "/assets/home.css?body=1" for 127.0.0.1 at 2012-07-12 13:20:58 -0400
Served asset /home.css - 304 Not Modified (0ms)


Started GET "/assets/jquery_ujs.js?body=1" for 127.0.0.1 at 2012-07-12 13:20:58 -0400
Served asset /jquery_ujs.js - 304 Not Modified (0ms)


Started GET "/assets/home.js?body=1" for 127.0.0.1 at 2012-07-12 13:20:58 -0400
Served asset /home.js - 304 Not Modified (0ms)


Started GET "/assets/application.js?body=1" for 127.0.0.1 at 2012-07-12 13:20:58 -0400
Served asset /application.js - 304 Not Modified (0ms)


Started GET "/users/sign_in" for 127.0.0.1 at 2012-07-12 13:20:59 -0400
Processing by Devise::SessionsController#new as HTML
  Rendered /Users/Thoughtworks/.rvm/gems/ruby-1.9.3-p194/gems/devise-2.1.2/app/views/devise/shared/_links.erb (0.4ms)
  Rendered /Users/Thoughtworks/.rvm/gems/ruby-1.9.3-p194/gems/devise-2.1.2/app/views/devise/sessions/new.html.erb within layouts/application (2.9ms)
Completed 200 OK in 29ms (Views: 29.0ms | ActiveRecord: 0.0ms)


Started GET "/assets/home.css?body=1" for 127.0.0.1 at 2012-07-12 13:20:59 -0400
Served asset /home.css - 304 Not Modified (0ms)


Started GET "/assets/jquery.js?body=1" for 127.0.0.1 at 2012-07-12 13:20:59 -0400
Served asset /jquery.js - 304 Not Modified (0ms)


Started GET "/assets/application.css?body=1" for 127.0.0.1 at 2012-07-12 13:20:59 -0400
Served asset /application.css - 304 Not Modified (0ms)


Started GET "/assets/jquery_ujs.js?body=1" for 127.0.0.1 at 2012-07-12 13:20:59 -0400
Served asset /jquery_ujs.js - 304 Not Modified (0ms)


Started GET "/assets/home.js?body=1" for 127.0.0.1 at 2012-07-12 13:20:59 -0400
Served asset /home.js - 304 Not Modified (0ms)


Started GET "/assets/application.js?body=1" for 127.0.0.1 at 2012-07-12 13:20:59 -0400
Served asset /application.js - 304 Not Modified (0ms)


Started GET "/home/index" for 127.0.0.1 at 2012-07-12 13:21:00 -0400
Processing by HomeController#index as HTML
  Rendered home/index.html.erb within layouts/application (0.0ms)
Completed 200 OK in 5ms (Views: 4.9ms | ActiveRecord: 0.0ms)


Started GET "/assets/home.css?body=1" for 127.0.0.1 at 2012-07-12 13:21:00 -0400
Served asset /home.css - 304 Not Modified (0ms)


Started GET "/assets/jquery_ujs.js?body=1" for 127.0.0.1 at 2012-07-12 13:21:00 -0400
Served asset /jquery_ujs.js - 304 Not Modified (0ms)


Started GET "/assets/application.css?body=1" for 127.0.0.1 at 2012-07-12 13:21:00 -0400
Served asset /application.css - 304 Not Modified (0ms)


Started GET "/assets/jquery.js?body=1" for 127.0.0.1 at 2012-07-12 13:21:00 -0400
Served asset /jquery.js - 304 Not Modified (0ms)


Started GET "/assets/home.js?body=1" for 127.0.0.1 at 2012-07-12 13:21:00 -0400
Served asset /home.js - 304 Not Modified (0ms)


Started GET "/assets/application.js?body=1" for 127.0.0.1 at 2012-07-12 13:21:00 -0400
Served asset /application.js - 304 Not Modified (0ms)


Started GET "/users/sign_up" for 127.0.0.1 at 2012-07-12 13:21:11 -0400
Processing by Devise::RegistrationsController#new as HTML
  Rendered /Users/Thoughtworks/.rvm/gems/ruby-1.9.3-p194/gems/devise-2.1.2/app/views/devise/shared/_links.erb (0.3ms)
  Rendered /Users/Thoughtworks/.rvm/gems/ruby-1.9.3-p194/gems/devise-2.1.2/app/views/devise/registrations/new.html.erb within layouts/application (2.8ms)
Completed 200 OK in 32ms (Views: 31.9ms | ActiveRecord: 0.0ms)


Started GET "/assets/home.css?body=1" for 127.0.0.1 at 2012-07-12 13:21:11 -0400
Served asset /home.css - 304 Not Modified (0ms)


Started GET "/assets/application.css?body=1" for 127.0.0.1 at 2012-07-12 13:21:11 -0400
Served asset /application.css - 304 Not Modified (0ms)


Started GET "/assets/jquery.js?body=1" for 127.0.0.1 at 2012-07-12 13:21:11 -0400
Served asset /jquery.js - 304 Not Modified (0ms)


Started GET "/assets/home.js?body=1" for 127.0.0.1 at 2012-07-12 13:21:11 -0400
Served asset /home.js - 304 Not Modified (0ms)


Started GET "/assets/jquery_ujs.js?body=1" for 127.0.0.1 at 2012-07-12 13:21:11 -0400
Served asset /jquery_ujs.js - 304 Not Modified (0ms)


Started GET "/assets/application.js?body=1" for 127.0.0.1 at 2012-07-12 13:21:11 -0400
Served asset /application.js - 304 Not Modified (0ms)


Started GET "/users/sign_in" for 127.0.0.1 at 2012-07-12 13:21:12 -0400
Processing by Devise::SessionsController#new as HTML
  Rendered /Users/Thoughtworks/.rvm/gems/ruby-1.9.3-p194/gems/devise-2.1.2/app/views/devise/shared/_links.erb (0.3ms)
  Rendered /Users/Thoughtworks/.rvm/gems/ruby-1.9.3-p194/gems/devise-2.1.2/app/views/devise/sessions/new.html.erb within layouts/application (2.8ms)
Completed 200 OK in 8ms (Views: 7.7ms | ActiveRecord: 0.0ms)


Started GET "/assets/application.css?body=1" for 127.0.0.1 at 2012-07-12 13:21:12 -0400
Served asset /application.css - 304 Not Modified (0ms)


Started GET "/assets/home.css?body=1" for 127.0.0.1 at 2012-07-12 13:21:12 -0400
Served asset /home.css - 304 Not Modified (0ms)


Started GET "/assets/jquery_ujs.js?body=1" for 127.0.0.1 at 2012-07-12 13:21:12 -0400
Served asset /jquery_ujs.js - 304 Not Modified (0ms)


Started GET "/assets/jquery.js?body=1" for 127.0.0.1 at 2012-07-12 13:21:12 -0400
Served asset /jquery.js - 304 Not Modified (0ms)


Started GET "/assets/application.js?body=1" for 127.0.0.1 at 2012-07-12 13:21:12 -0400
Served asset /application.js - 304 Not Modified (0ms)


Started GET "/assets/home.js?body=1" for 127.0.0.1 at 2012-07-12 13:21:12 -0400
Served asset /home.js - 304 Not Modified (0ms)


Started GET "/home/index" for 127.0.0.1 at 2012-07-12 13:21:13 -0400
Processing by HomeController#index as HTML
  Rendered home/index.html.erb within layouts/application (0.0ms)
Completed 200 OK in 5ms (Views: 5.0ms | ActiveRecord: 0.0ms)


Started GET "/assets/application.css?body=1" for 127.0.0.1 at 2012-07-12 13:21:13 -0400
Served asset /application.css - 304 Not Modified (0ms)


Started GET "/assets/home.css?body=1" for 127.0.0.1 at 2012-07-12 13:21:13 -0400
Served asset /home.css - 304 Not Modified (0ms)


Started GET "/assets/jquery.js?body=1" for 127.0.0.1 at 2012-07-12 13:21:13 -0400
Served asset /jquery.js - 304 Not Modified (0ms)


Started GET "/assets/jquery_ujs.js?body=1" for 127.0.0.1 at 2012-07-12 13:21:13 -0400
Served asset /jquery_ujs.js - 304 Not Modified (0ms)


Started GET "/assets/home.js?body=1" for 127.0.0.1 at 2012-07-12 13:21:13 -0400
Served asset /home.js - 304 Not Modified (0ms)


Started GET "/assets/application.js?body=1" for 127.0.0.1 at 2012-07-12 13:21:13 -0400
Served asset /application.js - 304 Not Modified (0ms)
Connecting to database specified by database.yml
Connecting to database specified by database.yml
  [1m[36m (1.1ms)[0m  [1mSELECT `schema_migrations`.`version` FROM `schema_migrations` [0m
  [1m[35m (107.4ms)[0m  DROP DATABASE IF EXISTS `PhotoShoot_test`
  [1m[36m (0.6ms)[0m  [1mCREATE DATABASE `PhotoShoot_test` DEFAULT CHARACTER SET `utf8` COLLATE `utf8_unicode_ci`[0m
  [1m[35m (138.8ms)[0m  CREATE TABLE `users` (`id` int(11) DEFAULT NULL auto_increment PRIMARY KEY, `email` varchar(255) DEFAULT '' NOT NULL, `encrypted_password` varchar(255) DEFAULT '' NOT NULL, `reset_password_token` varchar(255), `reset_password_sent_at` datetime, `remember_created_at` datetime, `sign_in_count` int(11) DEFAULT 0, `current_sign_in_at` datetime, `last_sign_in_at` datetime, `current_sign_in_ip` varchar(255), `last_sign_in_ip` varchar(255), `created_at` datetime NOT NULL, `updated_at` datetime NOT NULL) ENGINE=InnoDB
  [1m[36m (301.3ms)[0m  [1mCREATE UNIQUE INDEX `index_users_on_email` ON `users` (`email`)[0m
  [1m[35m (116.9ms)[0m  CREATE UNIQUE INDEX `index_users_on_reset_password_token` ON `users` (`reset_password_token`)
  [1m[36m (113.6ms)[0m  [1mCREATE TABLE `schema_migrations` (`version` varchar(255) NOT NULL) ENGINE=InnoDB[0m
  [1m[35m (137.4ms)[0m  CREATE UNIQUE INDEX `unique_schema_migrations` ON `schema_migrations` (`version`)
  [1m[36m (0.2ms)[0m  [1mSELECT version FROM `schema_migrations`[0m
  [1m[35m (21.5ms)[0m  INSERT INTO `schema_migrations` (version) VALUES ('20120712054801')
Connecting to database specified by database.yml
